<?xml version="1.0" encoding="UTF-8"?>
<testng-results ignored="0" total="3" passed="2" failed="1" skipped="0">
  <reporter-output>
  </reporter-output>
  <suite started-at="2021-06-11T15:36:10 IST" name="Default suite" finished-at="2021-06-11T15:36:41 IST" duration-ms="31598">
    <groups>
    </groups>
    <test started-at="2021-06-11T15:36:10 IST" name="Default test" finished-at="2021-06-11T15:36:41 IST" duration-ms="31598">
      <class name="com.pos.testcases.LoginPageTest">
        <test-method is-config="true" signature="extentReportSetup()[pri:0, instance:com.pos.testcases.LoginPageTest@140c9f39]" started-at="2021-06-11T15:36:10 IST" name="extentReportSetup" finished-at="2021-06-11T15:36:10 IST" duration-ms="278" status="PASS">
          <reporter-output>
          </reporter-output>
        </test-method> <!-- extentReportSetup -->
        <test-method is-config="true" signature="setUp()[pri:0, instance:com.pos.testcases.LoginPageTest@140c9f39]" started-at="2021-06-11T15:36:10 IST" name="setUp" finished-at="2021-06-11T15:36:20 IST" duration-ms="9444" status="PASS">
          <reporter-output>
          </reporter-output>
        </test-method> <!-- setUp -->
        <test-method signature="blankUsernameTest()[pri:0, instance:com.pos.testcases.LoginPageTest@140c9f39]" started-at="2021-06-11T15:36:20 IST" name="blankUsernameTest" finished-at="2021-06-11T15:36:20 IST" duration-ms="611" status="PASS">
          <reporter-output>
          </reporter-output>
        </test-method> <!-- blankUsernameTest -->
        <test-method is-config="true" signature="tearDown(org.testng.ITestResult)[pri:0, instance:com.pos.testcases.LoginPageTest@140c9f39]" started-at="2021-06-11T15:36:20 IST" name="tearDown" finished-at="2021-06-11T15:36:22 IST" duration-ms="1961" status="PASS">
          <params>
            <param index="0">
              <value>
                <![CDATA[[TestResult name=blankUsernameTest status=SUCCESS method=LoginPageTest.blankUsernameTest()[pri:0, instance:com.pos.testcases.LoginPageTest@140c9f39] output={null}]]]>
              </value>
            </param>
          </params>
          <reporter-output>
          </reporter-output>
        </test-method> <!-- tearDown -->
        <test-method is-config="true" signature="setUp()[pri:0, instance:com.pos.testcases.LoginPageTest@140c9f39]" started-at="2021-06-11T15:36:22 IST" name="setUp" finished-at="2021-06-11T15:36:30 IST" duration-ms="7426" status="PASS">
          <reporter-output>
          </reporter-output>
        </test-method> <!-- setUp -->
        <test-method signature="loginPageTitleTest()[pri:1, instance:com.pos.testcases.LoginPageTest@140c9f39]" started-at="2021-06-11T15:36:30 IST" name="loginPageTitleTest" finished-at="2021-06-11T15:36:30 IST" duration-ms="79" status="FAIL">
          <exception class="java.lang.AssertionError">
            <message>
              <![CDATA[expected [Oliver POSs] but found [Oliver POS]]]>
            </message>
            <full-stacktrace>
              <![CDATA[java.lang.AssertionError: expected [Oliver POSs] but found [Oliver POS]
at org.testng.Assert.fail(Assert.java:99)
at org.testng.Assert.failNotEquals(Assert.java:1037)
at org.testng.Assert.assertEqualsImpl(Assert.java:140)
at org.testng.Assert.assertEquals(Assert.java:122)
at org.testng.Assert.assertEquals(Assert.java:629)
at org.testng.Assert.assertEquals(Assert.java:639)
at com.pos.testcases.LoginPageTest.loginPageTitleTest(LoginPageTest.java:49)
at java.base/jdk.internal.reflect.NativeMethodAccessorImpl.invoke0(Native Method)
at java.base/jdk.internal.reflect.NativeMethodAccessorImpl.invoke(NativeMethodAccessorImpl.java:64)
at java.base/jdk.internal.reflect.DelegatingMethodAccessorImpl.invoke(DelegatingMethodAccessorImpl.java:43)
at java.base/java.lang.reflect.Method.invoke(Method.java:564)
at org.testng.internal.MethodInvocationHelper.invokeMethod(MethodInvocationHelper.java:132)
at org.testng.internal.TestInvoker.invokeMethod(TestInvoker.java:599)
at org.testng.internal.TestInvoker.invokeTestMethod(TestInvoker.java:174)
at org.testng.internal.MethodRunner.runInSequence(MethodRunner.java:46)
at org.testng.internal.TestInvoker$MethodInvocationAgent.invoke(TestInvoker.java:822)
at org.testng.internal.TestInvoker.invokeTestMethods(TestInvoker.java:147)
at org.testng.internal.TestMethodWorker.invokeTestMethods(TestMethodWorker.java:146)
at org.testng.internal.TestMethodWorker.run(TestMethodWorker.java:128)
at java.base/java.util.ArrayList.forEach(ArrayList.java:1511)
at org.testng.TestRunner.privateRun(TestRunner.java:764)
at org.testng.TestRunner.run(TestRunner.java:585)
at org.testng.SuiteRunner.runTest(SuiteRunner.java:384)
at org.testng.SuiteRunner.runSequentially(SuiteRunner.java:378)
at org.testng.SuiteRunner.privateRun(SuiteRunner.java:337)
at org.testng.SuiteRunner.run(SuiteRunner.java:286)
at org.testng.SuiteRunnerWorker.runSuite(SuiteRunnerWorker.java:53)
at org.testng.SuiteRunnerWorker.run(SuiteRunnerWorker.java:96)
at org.testng.TestNG.runSuitesSequentially(TestNG.java:1218)
at org.testng.TestNG.runSuitesLocally(TestNG.java:1140)
at org.testng.TestNG.runSuites(TestNG.java:1069)
at org.testng.TestNG.run(TestNG.java:1037)
at org.testng.remote.AbstractRemoteTestNG.run(AbstractRemoteTestNG.java:115)
at org.testng.remote.RemoteTestNG.initAndRun(RemoteTestNG.java:251)
at org.testng.remote.RemoteTestNG.main(RemoteTestNG.java:77)
]]>
            </full-stacktrace>
          </exception> <!-- java.lang.AssertionError -->
          <reporter-output>
          </reporter-output>
        </test-method> <!-- loginPageTitleTest -->
        <test-method is-config="true" signature="tearDown(org.testng.ITestResult)[pri:0, instance:com.pos.testcases.LoginPageTest@140c9f39]" started-at="2021-06-11T15:36:30 IST" name="tearDown" finished-at="2021-06-11T15:36:32 IST" duration-ms="1875" status="PASS">
          <params>
            <param index="0">
              <value>
                <![CDATA[[TestResult name=loginPageTitleTest status=FAILURE method=LoginPageTest.loginPageTitleTest()[pri:1, instance:com.pos.testcases.LoginPageTest@140c9f39] output={null}]]]>
              </value>
            </param>
          </params>
          <reporter-output>
          </reporter-output>
        </test-method> <!-- tearDown -->
        <test-method is-config="true" signature="setUp()[pri:0, instance:com.pos.testcases.LoginPageTest@140c9f39]" started-at="2021-06-11T15:36:32 IST" name="setUp" finished-at="2021-06-11T15:36:39 IST" duration-ms="7646" status="PASS">
          <reporter-output>
          </reporter-output>
        </test-method> <!-- setUp -->
        <test-method signature="loginTest()[pri:2, instance:com.pos.testcases.LoginPageTest@140c9f39]" started-at="2021-06-11T15:36:39 IST" name="loginTest" finished-at="2021-06-11T15:36:40 IST" duration-ms="985" status="PASS">
          <reporter-output>
          </reporter-output>
        </test-method> <!-- loginTest -->
        <test-method is-config="true" signature="tearDown(org.testng.ITestResult)[pri:0, instance:com.pos.testcases.LoginPageTest@140c9f39]" started-at="2021-06-11T15:36:40 IST" name="tearDown" finished-at="2021-06-11T15:36:41 IST" duration-ms="1222" status="PASS">
          <params>
            <param index="0">
              <value>
                <![CDATA[[TestResult name=loginTest status=SUCCESS method=LoginPageTest.loginTest()[pri:2, instance:com.pos.testcases.LoginPageTest@140c9f39] output={null}]]]>
              </value>
            </param>
          </params>
          <reporter-output>
          </reporter-output>
        </test-method> <!-- tearDown -->
      </class> <!-- com.pos.testcases.LoginPageTest -->
    </test> <!-- Default test -->
  </suite> <!-- Default suite -->
</testng-results>
